<?xml version="1.0" encoding="UTF-8"?>
<!-- Generated by org.testng.reporters.JUnitReportReporter -->
<testsuite skipped="0" hostname="DESKTOP-7DILMM7" name="phptravels.testProces.tests.TS005_RegisterNewUserWithExistingEmail_VerifyErrorMsg" tests="2" failures="0" timestamp="12 Jun 2019 17:34:15 GMT" time="29.884" errors="0">
  <testcase name="TC01_registerUserWithExistingEmail_showErrorMsg" time="9.488" classname="phptravels.testProces.tests.TS005_RegisterNewUserWithExistingEmail_VerifyErrorMsg"/>
  <testcase name="TC01_registerUserWithExistingEmail_showErrorMsg" time="20.396" classname="phptravels.testProces.tests.TS005_RegisterNewUserWithExistingEmail_VerifyErrorMsg"/>
</testsuite> <!-- phptravels.testProces.tests.TS005_RegisterNewUserWithExistingEmail_VerifyErrorMsg -->
