<?xml version="1.0" encoding="UTF-8"?>
<!-- Generated by org.testng.reporters.JUnitReportReporter -->
<testsuite skipped="0" hostname="DESKTOP-7DILMM7" name="phptravels.testProces.tests.TS002_HomePage_VerifyFuncionalityOfMyAccountDropdownMenu" tests="4" failures="0" timestamp="12 Jun 2019 17:34:15 GMT" time="37.480" errors="0">
  <testcase name="TC02_goToRegisterPageWithSignUpBtnOnDropdownMenu" time="13.729" classname="phptravels.testProces.tests.TS002_HomePage_VerifyFuncionalityOfMyAccountDropdownMenu"/>
  <testcase name="TC01_goToLoginPageWithLoginBtnOnDropdownMenu" time="4.597" classname="phptravels.testProces.tests.TS002_HomePage_VerifyFuncionalityOfMyAccountDropdownMenu"/>
  <testcase name="TC02_goToRegisterPageWithSignUpBtnOnDropdownMenu" time="14.054" classname="phptravels.testProces.tests.TS002_HomePage_VerifyFuncionalityOfMyAccountDropdownMenu"/>
  <testcase name="TC01_goToLoginPageWithLoginBtnOnDropdownMenu" time="5.100" classname="phptravels.testProces.tests.TS002_HomePage_VerifyFuncionalityOfMyAccountDropdownMenu"/>
</testsuite> <!-- phptravels.testProces.tests.TS002_HomePage_VerifyFuncionalityOfMyAccountDropdownMenu -->
