<?xml version="1.0" encoding="UTF-8"?>
<!-- Generated by org.testng.reporters.JUnitReportReporter -->
<testsuite skipped="0" hostname="DESKTOP-7DILMM7" name="phptravels.testProces.tests.TS007_OpenAndVerifyLoginPage_UsingLink" tests="2" failures="0" timestamp="12 Jun 2019 17:34:15 GMT" time="96.580" errors="0">
  <testcase name="TC01_verifyLoginPage" time="76.669" classname="phptravels.testProces.tests.TS007_OpenAndVerifyLoginPage_UsingLink"/>
  <testcase name="TC01_verifyLoginPage" time="19.911" classname="phptravels.testProces.tests.TS007_OpenAndVerifyLoginPage_UsingLink"/>
</testsuite> <!-- phptravels.testProces.tests.TS007_OpenAndVerifyLoginPage_UsingLink -->
