<?xml version="1.0" encoding="UTF-8"?>
<!-- Generated by org.testng.reporters.JUnitReportReporter -->
<testsuite skipped="0" hostname="DESKTOP-7DILMM7" name="phptravels.testProces.tests.TS009_LoginValidUserWithInvalidPassword_VerifyErrorMsg" tests="2" failures="0" timestamp="12 Jun 2019 17:34:15 GMT" time="79.774" errors="0">
  <testcase name="TC01_testLoginWithBadPassword_showErrorMsg" time="24.095" classname="phptravels.testProces.tests.TS009_LoginValidUserWithInvalidPassword_VerifyErrorMsg"/>
  <testcase name="TC01_testLoginWithBadPassword_showErrorMsg" time="55.679" classname="phptravels.testProces.tests.TS009_LoginValidUserWithInvalidPassword_VerifyErrorMsg"/>
</testsuite> <!-- phptravels.testProces.tests.TS009_LoginValidUserWithInvalidPassword_VerifyErrorMsg -->
