<?xml version="1.0" encoding="UTF-8"?>
<!-- Generated by org.testng.reporters.JUnitReportReporter -->
<testsuite skipped="0" hostname="DESKTOP-7DILMM7" name="phptravels.testProces.tests.TS003_OpenAndVerifyRegisterPage_UsingLink" tests="2" failures="0" timestamp="12 Jun 2019 17:34:15 GMT" time="18.023" errors="0">
  <testcase name="TC01_OpenAndVerifyLoginPage_UsingLink" time="9.159" classname="phptravels.testProces.tests.TS003_OpenAndVerifyRegisterPage_UsingLink"/>
  <testcase name="TC01_OpenAndVerifyLoginPage_UsingLink" time="8.864" classname="phptravels.testProces.tests.TS003_OpenAndVerifyRegisterPage_UsingLink"/>
</testsuite> <!-- phptravels.testProces.tests.TS003_OpenAndVerifyRegisterPage_UsingLink -->
