<?xml version="1.0" encoding="UTF-8"?>
<!-- Generated by org.testng.reporters.JUnitReportReporter -->
<testsuite skipped="0" hostname="DESKTOP-7DILMM7" name="phptravels.testProces.tests.TS004_RegisterNewValidUser" tests="4" failures="0" timestamp="12 Jun 2019 17:34:15 GMT" time="47.343" errors="0">
  <testcase name="TC02_logoutFromAccountPage_AndVerifyLoginPage" time="2.618" classname="phptravels.testProces.tests.TS004_RegisterNewValidUser"/>
  <testcase name="TC01_registerNewValidUser_VerifyAccountPage" time="20.026" classname="phptravels.testProces.tests.TS004_RegisterNewValidUser"/>
  <testcase name="TC01_registerNewValidUser_VerifyAccountPage" time="22.114" classname="phptravels.testProces.tests.TS004_RegisterNewValidUser"/>
  <testcase name="TC02_logoutFromAccountPage_AndVerifyLoginPage" time="2.585" classname="phptravels.testProces.tests.TS004_RegisterNewValidUser"/>
</testsuite> <!-- phptravels.testProces.tests.TS004_RegisterNewValidUser -->
