<?xml version="1.0" encoding="UTF-8"?>
<!-- Generated by org.testng.reporters.JUnitReportReporter -->
<testsuite skipped="0" hostname="DESKTOP-7DILMM7" name="phptravels.testProces.tests.TS010_InvalidLoginAttempts_VerifyErrorMsg" tests="10" failures="0" timestamp="12 Jun 2019 17:34:15 GMT" time="116.392" errors="0">
  <testcase name="TC03_loginWithValidEmailAndEmptyPassword_VerifyErrorMsg" time="6.281" classname="phptravels.testProces.tests.TS010_InvalidLoginAttempts_VerifyErrorMsg"/>
  <testcase name="TC05_loginWithFakeEmailAndValidPassword_VerifyErrorMsg" time="6.098" classname="phptravels.testProces.tests.TS010_InvalidLoginAttempts_VerifyErrorMsg"/>
  <testcase name="TC01_loginWithAllEmptyFields_VerifyErrorMsg" time="3.995" classname="phptravels.testProces.tests.TS010_InvalidLoginAttempts_VerifyErrorMsg"/>
  <testcase name="TC03_loginWithValidEmailAndEmptyPassword_VerifyErrorMsg" time="5.556" classname="phptravels.testProces.tests.TS010_InvalidLoginAttempts_VerifyErrorMsg"/>
  <testcase name="TC02_loginWithFakeCredentials_VerifyErrorMsg" time="10.098" classname="phptravels.testProces.tests.TS010_InvalidLoginAttempts_VerifyErrorMsg"/>
  <testcase name="TC04_loginWithEmptyEmailAndValidPassword_VerifyErrorMsg" time="21.017" classname="phptravels.testProces.tests.TS010_InvalidLoginAttempts_VerifyErrorMsg"/>
  <testcase name="TC05_loginWithFakeEmailAndValidPassword_VerifyErrorMsg" time="6.363" classname="phptravels.testProces.tests.TS010_InvalidLoginAttempts_VerifyErrorMsg"/>
  <testcase name="TC04_loginWithEmptyEmailAndValidPassword_VerifyErrorMsg" time="6.218" classname="phptravels.testProces.tests.TS010_InvalidLoginAttempts_VerifyErrorMsg"/>
  <testcase name="TC01_loginWithAllEmptyFields_VerifyErrorMsg" time="4.927" classname="phptravels.testProces.tests.TS010_InvalidLoginAttempts_VerifyErrorMsg"/>
  <testcase name="TC02_loginWithFakeCredentials_VerifyErrorMsg" time="45.839" classname="phptravels.testProces.tests.TS010_InvalidLoginAttempts_VerifyErrorMsg"/>
</testsuite> <!-- phptravels.testProces.tests.TS010_InvalidLoginAttempts_VerifyErrorMsg -->
