<?xml version="1.0" encoding="UTF-8"?>
<!-- Generated by org.testng.reporters.JUnitReportReporter -->
<testsuite skipped="0" hostname="DESKTOP-7DILMM7" name="phptravels.testProcess.tests.TS002_HomePage_VerifyFuncionalityOfMyAccountDropdownMenu" tests="4" failures="0" timestamp="12 Jun 2019 17:59:12 GMT" time="42.559" errors="0">
  <testcase name="TC02_goToRegisterPageWithSignUpBtnOnDropdownMenu" time="4.895" classname="phptravels.testProcess.tests.TS002_HomePage_VerifyFuncionalityOfMyAccountDropdownMenu"/>
  <testcase name="TC02_goToRegisterPageWithSignUpBtnOnDropdownMenu" time="4.884" classname="phptravels.testProcess.tests.TS002_HomePage_VerifyFuncionalityOfMyAccountDropdownMenu"/>
  <testcase name="TC01_goToLoginPageWithLoginBtnOnDropdownMenu" time="16.214" classname="phptravels.testProcess.tests.TS002_HomePage_VerifyFuncionalityOfMyAccountDropdownMenu"/>
  <testcase name="TC01_goToLoginPageWithLoginBtnOnDropdownMenu" time="16.566" classname="phptravels.testProcess.tests.TS002_HomePage_VerifyFuncionalityOfMyAccountDropdownMenu"/>
</testsuite> <!-- phptravels.testProcess.tests.TS002_HomePage_VerifyFuncionalityOfMyAccountDropdownMenu -->
