<?xml version="1.0" encoding="UTF-8"?>
<!-- Generated by org.testng.reporters.JUnitReportReporter -->
<testsuite skipped="0" hostname="DESKTOP-7DILMM7" name="phptravels.testProces.tests.TS006_IncompleteRegistartion_VerifyErrorMsgs" tests="20" failures="0" timestamp="12 Jun 2019 17:34:15 GMT" time="106.905" errors="0">
  <testcase name="TC01_registerWithEmptyFirstnameField_showErrorMsg" time="4.363" classname="phptravels.testProces.tests.TS006_IncompleteRegistartion_VerifyErrorMsgs"/>
  <testcase name="TC03_registerWithEmptyEmailField_showErrorMsg" time="7.210" classname="phptravels.testProces.tests.TS006_IncompleteRegistartion_VerifyErrorMsgs"/>
  <testcase name="TC02_registerWithEmptyLastnameField_showErrorMsg" time="4.299" classname="phptravels.testProces.tests.TS006_IncompleteRegistartion_VerifyErrorMsgs"/>
  <testcase name="TC08_registerWithWrongFormOfEmail" time="4.290" classname="phptravels.testProces.tests.TS006_IncompleteRegistartion_VerifyErrorMsgs"/>
  <testcase name="TC07_registerWithWrongConfirmpaswordField_showErrorMsg" time="8.111" classname="phptravels.testProces.tests.TS006_IncompleteRegistartion_VerifyErrorMsgs"/>
  <testcase name="TC10_registerWithTooShortPassword_lessThanSixChar" time="6.020" classname="phptravels.testProces.tests.TS006_IncompleteRegistartion_VerifyErrorMsgs"/>
  <testcase name="TC02_registerWithEmptyLastnameField_showErrorMsg" time="4.021" classname="phptravels.testProces.tests.TS006_IncompleteRegistartion_VerifyErrorMsgs"/>
  <testcase name="TC05_registerWithEmptyConfirmPasswordField_showErrorMsg" time="4.573" classname="phptravels.testProces.tests.TS006_IncompleteRegistartion_VerifyErrorMsgs"/>
  <testcase name="TC07_registerWithWrongConfirmpaswordField_showErrorMsg" time="4.996" classname="phptravels.testProces.tests.TS006_IncompleteRegistartion_VerifyErrorMsgs"/>
  <testcase name="TC09_registerWithToLongEmail_localPartIsGreaterThan64Char" time="3.893" classname="phptravels.testProces.tests.TS006_IncompleteRegistartion_VerifyErrorMsgs"/>
  <testcase name="TC06_registerWithAllEmptyField_showErrorMsg" time="3.917" classname="phptravels.testProces.tests.TS006_IncompleteRegistartion_VerifyErrorMsgs"/>
  <testcase name="TC05_registerWithEmptyConfirmPasswordField_showErrorMsg" time="3.640" classname="phptravels.testProces.tests.TS006_IncompleteRegistartion_VerifyErrorMsgs"/>
  <testcase name="TC06_registerWithAllEmptyField_showErrorMsg" time="4.351" classname="phptravels.testProces.tests.TS006_IncompleteRegistartion_VerifyErrorMsgs"/>
  <testcase name="TC08_registerWithWrongFormOfEmail" time="10.612" classname="phptravels.testProces.tests.TS006_IncompleteRegistartion_VerifyErrorMsgs"/>
  <testcase name="TC09_registerWithToLongEmail_localPartIsGreaterThan64Char" time="4.394" classname="phptravels.testProces.tests.TS006_IncompleteRegistartion_VerifyErrorMsgs"/>
  <testcase name="TC04_registerWithEmptyPasswordField_showErrorMsg" time="9.868" classname="phptravels.testProces.tests.TS006_IncompleteRegistartion_VerifyErrorMsgs"/>
  <testcase name="TC03_registerWithEmptyEmailField_showErrorMsg" time="3.675" classname="phptravels.testProces.tests.TS006_IncompleteRegistartion_VerifyErrorMsgs"/>
  <testcase name="TC01_registerWithEmptyFirstnameField_showErrorMsg" time="6.265" classname="phptravels.testProces.tests.TS006_IncompleteRegistartion_VerifyErrorMsgs"/>
  <testcase name="TC10_registerWithTooShortPassword_lessThanSixChar" time="3.713" classname="phptravels.testProces.tests.TS006_IncompleteRegistartion_VerifyErrorMsgs"/>
  <testcase name="TC04_registerWithEmptyPasswordField_showErrorMsg" time="4.694" classname="phptravels.testProces.tests.TS006_IncompleteRegistartion_VerifyErrorMsgs"/>
</testsuite> <!-- phptravels.testProces.tests.TS006_IncompleteRegistartion_VerifyErrorMsgs -->
