<?xml version="1.0" encoding="UTF-8"?>
<!-- Generated by org.testng.reporters.JUnitReportReporter -->
<testsuite skipped="0" hostname="DESKTOP-7DILMM7" name="phptravels.testProcess.tests.TS005_RegisterNewUserWithExistingEmail_VerifyErrorMsg" tests="2" failures="0" timestamp="12 Jun 2019 17:59:12 GMT" time="29.920" errors="0">
  <testcase name="TC01_registerUserWithExistingEmail_showErrorMsg" time="14.434" classname="phptravels.testProcess.tests.TS005_RegisterNewUserWithExistingEmail_VerifyErrorMsg"/>
  <testcase name="TC01_registerUserWithExistingEmail_showErrorMsg" time="15.486" classname="phptravels.testProcess.tests.TS005_RegisterNewUserWithExistingEmail_VerifyErrorMsg"/>
</testsuite> <!-- phptravels.testProcess.tests.TS005_RegisterNewUserWithExistingEmail_VerifyErrorMsg -->
