<?xml version="1.0" encoding="UTF-8"?>
<!-- Generated by org.testng.reporters.JUnitReportReporter -->
<testsuite skipped="0" hostname="DESKTOP-7DILMM7" name="phptravels.testProcess.tests.TS007_OpenAndVerifyLoginPage_UsingLink" tests="1" failures="0" timestamp="12 Jun 2019 17:59:12 GMT" time="9.662" errors="0">
  <testcase name="TC01_verifyLoginPage" time="9.662" classname="phptravels.testProcess.tests.TS007_OpenAndVerifyLoginPage_UsingLink"/>
</testsuite> <!-- phptravels.testProcess.tests.TS007_OpenAndVerifyLoginPage_UsingLink -->
