<?xml version="1.0" encoding="UTF-8"?>
<!-- Generated by org.testng.reporters.JUnitReportReporter -->
<testsuite skipped="0" hostname="DESKTOP-7DILMM7" name="phptravels.testProcess.tests.TS008_LoginValidUser_VerifyAccountPage_AndLogout" tests="4" failures="0" timestamp="12 Jun 2019 17:59:12 GMT" time="31.521" errors="0">
  <testcase name="TC02_logoutToLoginPage" time="3.530" classname="phptravels.testProcess.tests.TS008_LoginValidUser_VerifyAccountPage_AndLogout"/>
  <testcase name="TC01_testLoginWithValidCredentials" time="13.623" classname="phptravels.testProcess.tests.TS008_LoginValidUser_VerifyAccountPage_AndLogout"/>
  <testcase name="TC01_testLoginWithValidCredentials" time="11.622" classname="phptravels.testProcess.tests.TS008_LoginValidUser_VerifyAccountPage_AndLogout"/>
  <testcase name="TC02_logoutToLoginPage" time="2.746" classname="phptravels.testProcess.tests.TS008_LoginValidUser_VerifyAccountPage_AndLogout"/>
</testsuite> <!-- phptravels.testProcess.tests.TS008_LoginValidUser_VerifyAccountPage_AndLogout -->
