<?xml version="1.0" encoding="UTF-8"?>
<!-- Generated by org.testng.reporters.JUnitReportReporter -->
<testsuite skipped="0" hostname="DESKTOP-7DILMM7" name="phptravels.testProces.tests.TS001_OpenAndVerifyHomePage" tests="2" failures="0" timestamp="12 Jun 2019 17:34:15 GMT" time="27.823" errors="0">
  <testcase name="TC01_OpenAndVerifyHomePage" time="15.884" classname="phptravels.testProces.tests.TS001_OpenAndVerifyHomePage"/>
  <testcase name="TC01_OpenAndVerifyHomePage" time="11.939" classname="phptravels.testProces.tests.TS001_OpenAndVerifyHomePage"/>
</testsuite> <!-- phptravels.testProces.tests.TS001_OpenAndVerifyHomePage -->
