<?xml version="1.0" encoding="UTF-8"?>
<!-- Generated by org.testng.reporters.JUnitReportReporter -->
<testsuite skipped="0" hostname="DESKTOP-7DILMM7" name="phptravels.testProcess.tests.TS004_RegisterNewValidUser" tests="4" failures="0" timestamp="12 Jun 2019 17:59:12 GMT" time="46.922" errors="0">
  <testcase name="TC01_registerNewValidUser_VerifyAccountPage" time="20.720" classname="phptravels.testProcess.tests.TS004_RegisterNewValidUser"/>
  <testcase name="TC02_logoutFromAccountPage_AndVerifyLoginPage" time="2.645" classname="phptravels.testProcess.tests.TS004_RegisterNewValidUser"/>
  <testcase name="TC01_registerNewValidUser_VerifyAccountPage" time="20.409" classname="phptravels.testProcess.tests.TS004_RegisterNewValidUser"/>
  <testcase name="TC02_logoutFromAccountPage_AndVerifyLoginPage" time="3.148" classname="phptravels.testProcess.tests.TS004_RegisterNewValidUser"/>
</testsuite> <!-- phptravels.testProcess.tests.TS004_RegisterNewValidUser -->
