<?xml version="1.0" encoding="UTF-8"?>
<!-- Generated by org.testng.reporters.JUnitReportReporter -->
<testsuite skipped="0" hostname="DESKTOP-7DILMM7" name="phptravels.testProcess.tests.TS003_OpenAndVerifyRegisterPage_UsingLink" tests="1" failures="0" timestamp="12 Jun 2019 17:59:12 GMT" time="10.022" errors="0">
  <testcase name="TC01_OpenAndVerifyLoginPage_UsingLink" time="10.022" classname="phptravels.testProcess.tests.TS003_OpenAndVerifyRegisterPage_UsingLink"/>
</testsuite> <!-- phptravels.testProcess.tests.TS003_OpenAndVerifyRegisterPage_UsingLink -->
