<?xml version="1.0" encoding="UTF-8"?>
<!-- Generated by org.testng.reporters.JUnitReportReporter -->
<testsuite skipped="0" hostname="DESKTOP-7DILMM7" name="phptravels.testProcess.tests.TS009_LoginValidUserWithInvalidPassword_VerifyErrorMsg" tests="2" failures="0" timestamp="12 Jun 2019 17:59:12 GMT" time="21.500" errors="0">
  <testcase name="TC01_testLoginWithBadPassword_showErrorMsg" time="11.545" classname="phptravels.testProcess.tests.TS009_LoginValidUserWithInvalidPassword_VerifyErrorMsg"/>
  <testcase name="TC01_testLoginWithBadPassword_showErrorMsg" time="9.955" classname="phptravels.testProcess.tests.TS009_LoginValidUserWithInvalidPassword_VerifyErrorMsg"/>
</testsuite> <!-- phptravels.testProcess.tests.TS009_LoginValidUserWithInvalidPassword_VerifyErrorMsg -->
