<?xml version="1.0" encoding="UTF-8"?>
<!-- Generated by org.testng.reporters.JUnitReportReporter -->
<testsuite skipped="0" hostname="DESKTOP-7DILMM7" name="phptravels.testProces.tests.TS008_LoginValidUser_VerifyAccountPage_AndLogout" tests="4" failures="0" timestamp="12 Jun 2019 17:34:15 GMT" time="88.776" errors="0">
  <testcase name="TC02_logoutToLoginPage" time="32.889" classname="phptravels.testProces.tests.TS008_LoginValidUser_VerifyAccountPage_AndLogout"/>
  <testcase name="TC01_testLoginWithValidCredentials" time="14.054" classname="phptravels.testProces.tests.TS008_LoginValidUser_VerifyAccountPage_AndLogout"/>
  <testcase name="TC01_testLoginWithValidCredentials" time="37.197" classname="phptravels.testProces.tests.TS008_LoginValidUser_VerifyAccountPage_AndLogout"/>
  <testcase name="TC02_logoutToLoginPage" time="4.636" classname="phptravels.testProces.tests.TS008_LoginValidUser_VerifyAccountPage_AndLogout"/>
</testsuite> <!-- phptravels.testProces.tests.TS008_LoginValidUser_VerifyAccountPage_AndLogout -->
